  [1m[35m (12.2ms)[0m  [1m[35mCREATE TABLE "schema_migrations" ("version" varchar NOT NULL PRIMARY KEY)[0m
  [1m[35m (2.6ms)[0m  [1m[35mCREATE TABLE "ar_internal_metadata" ("key" varchar NOT NULL PRIMARY KEY, "value" varchar, "created_at" datetime(6) NOT NULL, "updated_at" datetime(6) NOT NULL)[0m
  [1m[36mActiveRecord::InternalMetadata Load (2.3ms)[0m  [1m[34mSELECT * FROM "ar_internal_metadata" WHERE "ar_internal_metadata"."key" = ? ORDER BY "ar_internal_metadata"."key" ASC LIMIT 1[0m  [[nil, "environment"]]
  [1m[36mActiveRecord::InternalMetadata Create (2.1ms)[0m  [1m[32mINSERT INTO "ar_internal_metadata" ("key", "value", "created_at", "updated_at") VALUES ('environment', 'development', '2024-11-19 00:20:13.049913', '2024-11-19 00:20:13.049917') RETURNING "key"[0m
  [1m[36mActiveRecord::SchemaMigration Load (1.1ms)[0m  [1m[34mSELECT "schema_migrations"."version" FROM "schema_migrations" ORDER BY "schema_migrations"."version" ASC[0m
Started GET "/" for 172.17.0.1 at 2024-11-19 00:21:09 +0000
Cannot render console from 172.17.0.1! Allowed networks: 127.0.0.0/127.255.255.255, ::1
  [1m[36mActiveRecord::SchemaMigration Load (1.7ms)[0m  [1m[34mSELECT "schema_migrations"."version" FROM "schema_migrations" ORDER BY "schema_migrations"."version" ASC[0m
Processing by Rails::WelcomeController#index as HTML
  Rendering /usr/local/bundle/gems/railties-7.1.5/lib/rails/templates/rails/welcome/index.html.erb
  Rendered /usr/local/bundle/gems/railties-7.1.5/lib/rails/templates/rails/welcome/index.html.erb (Duration: 1.8ms | Allocations: 377)
Completed 200 OK in 407ms (Views: 78.0ms | ActiveRecord: 0.0ms | Allocations: 7929)


Started GET "/" for 172.17.0.1 at 2024-11-19 00:51:58 +0000
Cannot render console from 172.17.0.1! Allowed networks: 127.0.0.0/127.255.255.255, ::1
  [1m[36mActiveRecord::SchemaMigration Load (2.4ms)[0m  [1m[34mSELECT "schema_migrations"."version" FROM "schema_migrations" ORDER BY "schema_migrations"."version" ASC[0m
Processing by Rails::WelcomeController#index as HTML
  Rendering /usr/local/bundle/gems/railties-7.1.5/lib/rails/templates/rails/welcome/index.html.erb
  Rendered /usr/local/bundle/gems/railties-7.1.5/lib/rails/templates/rails/welcome/index.html.erb (Duration: 2.4ms | Allocations: 377)
Completed 200 OK in 175ms (Views: 39.8ms | ActiveRecord: 0.0ms | Allocations: 4305)


  [1m[36mActiveRecord::InternalMetadata Load (4.4ms)[0m  [1m[34mSELECT * FROM "ar_internal_metadata" WHERE "ar_internal_metadata"."key" = ? ORDER BY "ar_internal_metadata"."key" ASC LIMIT 1[0m  [[nil, "environment"]]
  [1m[36mActiveRecord::SchemaMigration Load (0.8ms)[0m  [1m[34mSELECT "schema_migrations"."version" FROM "schema_migrations" ORDER BY "schema_migrations"."version" ASC[0m
Migrating to CreateUsers (20241119014958)
  [1m[36mTRANSACTION (0.1ms)[0m  [1m[36mbegin transaction[0m
  [1m[35m (3.0ms)[0m  [1m[35mCREATE TABLE "users" ("id" integer PRIMARY KEY AUTOINCREMENT NOT NULL, "company_name" varchar, "name" varchar, "email" varchar, "password" varchar, "created_at" datetime(6) NOT NULL, "updated_at" datetime(6) NOT NULL)[0m
  [1m[36mActiveRecord::SchemaMigration Create (0.2ms)[0m  [1m[32mINSERT INTO "schema_migrations" ("version") VALUES ('20241119014958') RETURNING "version"[0m
  [1m[36mTRANSACTION (10.1ms)[0m  [1m[36mcommit transaction[0m
  [1m[36mActiveRecord::SchemaMigration Load (0.5ms)[0m  [1m[34mSELECT "schema_migrations"."version" FROM "schema_migrations" ORDER BY "schema_migrations"."version" ASC[0m
  [1m[36mActiveRecord::InternalMetadata Load (2.2ms)[0m  [1m[34mSELECT * FROM "ar_internal_metadata" WHERE "ar_internal_metadata"."key" = ? ORDER BY "ar_internal_metadata"."key" ASC LIMIT 1[0m  [[nil, "environment"]]
  [1m[36mActiveRecord::SchemaMigration Load (1.8ms)[0m  [1m[34mSELECT "schema_migrations"."version" FROM "schema_migrations" ORDER BY "schema_migrations"."version" ASC[0m
Migrating to CreateMenus (20241119020250)
  [1m[36mTRANSACTION (0.1ms)[0m  [1m[36mbegin transaction[0m
  [1m[35m (2.8ms)[0m  [1m[35mCREATE TABLE "menus" ("id" integer PRIMARY KEY AUTOINCREMENT NOT NULL, "name" varchar, "description" text, "price" decimal, "available" boolean, "user_id" integer NOT NULL, "created_at" datetime(6) NOT NULL, "updated_at" datetime(6) NOT NULL, CONSTRAINT "fk_rails_c38eb0f938"
FOREIGN KEY ("user_id")
  REFERENCES "users" ("id")
)[0m
  [1m[35m (0.2ms)[0m  [1m[35mCREATE INDEX "index_menus_on_user_id" ON "menus" ("user_id")[0m
  [1m[36mActiveRecord::SchemaMigration Create (0.3ms)[0m  [1m[32mINSERT INTO "schema_migrations" ("version") VALUES ('20241119020250') RETURNING "version"[0m
  [1m[36mTRANSACTION (9.8ms)[0m  [1m[36mcommit transaction[0m
  [1m[36mActiveRecord::SchemaMigration Load (0.4ms)[0m  [1m[34mSELECT "schema_migrations"."version" FROM "schema_migrations" ORDER BY "schema_migrations"."version" ASC[0m
Started GET "/" for 172.17.0.1 at 2024-11-19 02:13:05 +0000
Cannot render console from 172.17.0.1! Allowed networks: 127.0.0.0/127.255.255.255, ::1
  [1m[36mActiveRecord::SchemaMigration Load (5.3ms)[0m  [1m[34mSELECT "schema_migrations"."version" FROM "schema_migrations" ORDER BY "schema_migrations"."version" ASC[0m
Processing by Rails::WelcomeController#index as HTML
  Rendering /usr/local/bundle/gems/railties-7.1.5/lib/rails/templates/rails/welcome/index.html.erb
  Rendered /usr/local/bundle/gems/railties-7.1.5/lib/rails/templates/rails/welcome/index.html.erb (Duration: 2.2ms | Allocations: 376)
Completed 200 OK in 185ms (Views: 26.2ms | ActiveRecord: 0.0ms | Allocations: 4988)


Started GET "/" for 172.17.0.1 at 2024-11-19 02:14:06 +0000
Cannot render console from 172.17.0.1! Allowed networks: 127.0.0.0/127.255.255.255, ::1
Processing by Rails::WelcomeController#index as HTML
  Rendering /usr/local/bundle/gems/railties-7.1.5/lib/rails/templates/rails/welcome/index.html.erb
  Rendered /usr/local/bundle/gems/railties-7.1.5/lib/rails/templates/rails/welcome/index.html.erb (Duration: 0.1ms | Allocations: 13)
Completed 200 OK in 16ms (Views: 2.0ms | ActiveRecord: 0.0ms | Allocations: 208)


Started GET "/" for 172.17.0.1 at 2024-11-19 02:14:10 +0000
Cannot render console from 172.17.0.1! Allowed networks: 127.0.0.0/127.255.255.255, ::1
Processing by Rails::WelcomeController#index as HTML
  Rendering /usr/local/bundle/gems/railties-7.1.5/lib/rails/templates/rails/welcome/index.html.erb
  Rendered /usr/local/bundle/gems/railties-7.1.5/lib/rails/templates/rails/welcome/index.html.erb (Duration: 0.1ms | Allocations: 13)
Completed 200 OK in 22ms (Views: 1.9ms | ActiveRecord: 0.0ms | Allocations: 207)


Started GET "/" for 172.17.0.1 at 2024-11-19 02:15:17 +0000
Cannot render console from 172.17.0.1! Allowed networks: 127.0.0.0/127.255.255.255, ::1
  [1m[36mActiveRecord::SchemaMigration Load (2.4ms)[0m  [1m[34mSELECT "schema_migrations"."version" FROM "schema_migrations" ORDER BY "schema_migrations"."version" ASC[0m
  
ActionController::RoutingError (uninitialized constant PostsController):
  
Started GET "/" for 172.17.0.1 at 2024-11-19 02:16:47 +0000
Cannot render console from 172.17.0.1! Allowed networks: 127.0.0.0/127.255.255.255, ::1
  [1m[36mActiveRecord::SchemaMigration Load (2.8ms)[0m  [1m[34mSELECT "schema_migrations"."version" FROM "schema_migrations" ORDER BY "schema_migrations"."version" ASC[0m
Processing by MenusController#index as HTML
  Rendering layout layouts/application.html.erb
  Rendering menus/index.html.erb within layouts/application
  [1m[36mMenu Load (2.3ms)[0m  [1m[34mSELECT "menus".* FROM "menus"[0m
  ↳ app/views/menus/index.html.erb:6
  Rendered menus/index.html.erb within layouts/application (Duration: 52.9ms | Allocations: 1579)
  Rendered layout layouts/application.html.erb (Duration: 2198.4ms | Allocations: 97566)
Completed 200 OK in 2818ms (Views: 2172.1ms | ActiveRecord: 60.7ms | Allocations: 112718)


Started GET "/menus/new" for 172.17.0.1 at 2024-11-19 02:16:52 +0000
Cannot render console from 172.17.0.1! Allowed networks: 127.0.0.0/127.255.255.255, ::1
Processing by MenusController#new as HTML
  Rendering layout layouts/application.html.erb
  Rendering menus/new.html.erb within layouts/application
  Rendered menus/_form.html.erb (Duration: 274.9ms | Allocations: 6184)
  Rendered menus/new.html.erb within layouts/application (Duration: 295.5ms | Allocations: 6505)
  Rendered layout layouts/application.html.erb (Duration: 371.1ms | Allocations: 7616)
Completed 200 OK in 435ms (Views: 374.0ms | ActiveRecord: 2.8ms | Allocations: 15026)


Started GET "/menus" for 172.17.0.1 at 2024-11-19 02:16:54 +0000
Cannot render console from 172.17.0.1! Allowed networks: 127.0.0.0/127.255.255.255, ::1
Processing by MenusController#index as HTML
  Rendering layout layouts/application.html.erb
  Rendering menus/index.html.erb within layouts/application
  [1m[36mMenu Load (0.8ms)[0m  [1m[34mSELECT "menus".* FROM "menus"[0m
  ↳ app/views/menus/index.html.erb:6
  Rendered menus/index.html.erb within layouts/application (Duration: 5.1ms | Allocations: 589)
  Rendered layout layouts/application.html.erb (Duration: 61.7ms | Allocations: 1694)
Completed 200 OK in 80ms (Views: 63.3ms | ActiveRecord: 0.8ms | Allocations: 1956)


Started GET "/menus" for 172.17.0.1 at 2024-11-19 02:16:58 +0000
Cannot render console from 172.17.0.1! Allowed networks: 127.0.0.0/127.255.255.255, ::1
Processing by MenusController#index as HTML
  Rendering layout layouts/application.html.erb
  Rendering menus/index.html.erb within layouts/application
  [1m[36mMenu Load (1.1ms)[0m  [1m[34mSELECT "menus".* FROM "menus"[0m
  ↳ app/views/menus/index.html.erb:6
  Rendered menus/index.html.erb within layouts/application (Duration: 5.7ms | Allocations: 591)
  Rendered layout layouts/application.html.erb (Duration: 63.3ms | Allocations: 1696)
Completed 200 OK in 82ms (Views: 64.9ms | ActiveRecord: 1.1ms | Allocations: 1957)


Started GET "/menus" for 172.17.0.1 at 2024-11-19 02:17:03 +0000
Cannot render console from 172.17.0.1! Allowed networks: 127.0.0.0/127.255.255.255, ::1
Processing by MenusController#index as HTML
  Rendering layout layouts/application.html.erb
  Rendering menus/index.html.erb within layouts/application
  [1m[36mMenu Load (1.1ms)[0m  [1m[34mSELECT "menus".* FROM "menus"[0m
  ↳ app/views/menus/index.html.erb:6
  Rendered menus/index.html.erb within layouts/application (Duration: 6.0ms | Allocations: 582)
  Rendered layout layouts/application.html.erb (Duration: 51.2ms | Allocations: 1687)
Completed 200 OK in 70ms (Views: 52.1ms | ActiveRecord: 1.0ms | Allocations: 1942)


Started GET "/menus" for 172.17.0.1 at 2024-11-19 02:17:10 +0000
Cannot render console from 172.17.0.1! Allowed networks: 127.0.0.0/127.255.255.255, ::1
Processing by MenusController#index as HTML
  Rendering layout layouts/application.html.erb
  Rendering menus/index.html.erb within layouts/application
  [1m[36mMenu Load (0.8ms)[0m  [1m[34mSELECT "menus".* FROM "menus"[0m
  ↳ app/views/menus/index.html.erb:6
  Rendered menus/index.html.erb within layouts/application (Duration: 3.9ms | Allocations: 621)
  Rendered layout layouts/application.html.erb (Duration: 40.4ms | Allocations: 1727)
Completed 200 OK in 55ms (Views: 41.2ms | ActiveRecord: 0.8ms | Allocations: 1988)


  [1m[36mActiveRecord::InternalMetadata Load (4.1ms)[0m  [1m[34mSELECT * FROM "ar_internal_metadata" WHERE "ar_internal_metadata"."key" = ? ORDER BY "ar_internal_metadata"."key" ASC LIMIT 1[0m  [[nil, "environment"]]
  [1m[36mActiveRecord::SchemaMigration Load (1.2ms)[0m  [1m[34mSELECT "schema_migrations"."version" FROM "schema_migrations" ORDER BY "schema_migrations"."version" ASC[0m
Migrating to AddDeviseToUsers (20241119022100)
  [1m[36mTRANSACTION (0.1ms)[0m  [1m[36mbegin transaction[0m
  [1m[35m (4.1ms)[0m  [1m[35mALTER TABLE "users" ADD "email" varchar DEFAULT '' NOT NULL[0m
  [1m[36mTRANSACTION (0.1ms)[0m  [1m[31mrollback transaction[0m
  [1m[36mActiveRecord::InternalMetadata Load (4.1ms)[0m  [1m[34mSELECT * FROM "ar_internal_metadata" WHERE "ar_internal_metadata"."key" = ? ORDER BY "ar_internal_metadata"."key" ASC LIMIT 1[0m  [[nil, "environment"]]
  [1m[36mActiveRecord::SchemaMigration Load (1.1ms)[0m  [1m[34mSELECT "schema_migrations"."version" FROM "schema_migrations" ORDER BY "schema_migrations"."version" ASC[0m
Migrating to AddDeviseToUsers (20241119022100)
  [1m[36mTRANSACTION (0.1ms)[0m  [1m[36mbegin transaction[0m
  [1m[35m (3.6ms)[0m  [1m[35mALTER TABLE "users" ADD "email" varchar DEFAULT '' NOT NULL[0m
  [1m[36mTRANSACTION (0.1ms)[0m  [1m[31mrollback transaction[0m
  [1m[36mActiveRecord::InternalMetadata Load (7.7ms)[0m  [1m[34mSELECT * FROM "ar_internal_metadata" WHERE "ar_internal_metadata"."key" = ? ORDER BY "ar_internal_metadata"."key" ASC LIMIT 1[0m  [[nil, "environment"]]
  [1m[36mActiveRecord::SchemaMigration Load (1.5ms)[0m  [1m[34mSELECT "schema_migrations"."version" FROM "schema_migrations" ORDER BY "schema_migrations"."version" ASC[0m
Migrating to AddDeviseToUsers (20241119022100)
  [1m[36mTRANSACTION (0.1ms)[0m  [1m[36mbegin transaction[0m
  [1m[35m (6.1ms)[0m  [1m[35mALTER TABLE "users" ADD "reset_password_token" varchar[0m
  [1m[35m (0.3ms)[0m  [1m[35mALTER TABLE "users" ADD "reset_password_sent_at" datetime(6)[0m
  [1m[35m (0.4ms)[0m  [1m[35mALTER TABLE "users" ADD "remember_created_at" datetime(6)[0m
  [1m[35m (0.3ms)[0m  [1m[35mCREATE UNIQUE INDEX "index_users_on_email" ON "users" ("email")[0m
  [1m[35m (0.3ms)[0m  [1m[35mCREATE UNIQUE INDEX "index_users_on_reset_password_token" ON "users" ("reset_password_token")[0m
  [1m[36mActiveRecord::SchemaMigration Create (0.4ms)[0m  [1m[32mINSERT INTO "schema_migrations" ("version") VALUES ('20241119022100') RETURNING "version"[0m
  [1m[36mTRANSACTION (23.1ms)[0m  [1m[36mcommit transaction[0m
  [1m[36mActiveRecord::SchemaMigration Load (0.6ms)[0m  [1m[34mSELECT "schema_migrations"."version" FROM "schema_migrations" ORDER BY "schema_migrations"."version" ASC[0m
Started GET "/" for 172.17.0.1 at 2024-11-19 02:39:33 +0000
Cannot render console from 172.17.0.1! Allowed networks: 127.0.0.0/127.255.255.255, ::1
  [1m[36mActiveRecord::SchemaMigration Load (9.6ms)[0m  [1m[34mSELECT "schema_migrations"."version" FROM "schema_migrations" ORDER BY "schema_migrations"."version" ASC[0m
Processing by MenusController#index as HTML
  Rendering layout layouts/application.html.erb
  Rendering menus/index.html.erb within layouts/application
  [1m[36mMenu Load (8.1ms)[0m  [1m[34mSELECT "menus".* FROM "menus"[0m
  ↳ app/views/menus/index.html.erb:6
  Rendered menus/index.html.erb within layouts/application (Duration: 187.0ms | Allocations: 2709)
  Rendered layout layouts/application.html.erb (Duration: 1787.1ms | Allocations: 34625)
Completed 200 OK in 2375ms (Views: 1756.4ms | ActiveRecord: 131.1ms | Allocations: 41547)


Started GET "/menus/new" for 172.17.0.1 at 2024-11-19 02:39:38 +0000
Cannot render console from 172.17.0.1! Allowed networks: 127.0.0.0/127.255.255.255, ::1
Processing by MenusController#new as HTML
  Rendering layout layouts/application.html.erb
  Rendering menus/new.html.erb within layouts/application
  Rendered menus/_form.html.erb (Duration: 102.2ms | Allocations: 2919)
  Rendered menus/new.html.erb within layouts/application (Duration: 148.8ms | Allocations: 3236)
  Rendered layout layouts/application.html.erb (Duration: 277.5ms | Allocations: 4340)
Completed 200 OK in 398ms (Views: 281.9ms | ActiveRecord: 7.1ms | Allocations: 11497)


Started GET "/" for 172.17.0.1 at 2024-11-19 02:45:57 +0000
Cannot render console from 172.17.0.1! Allowed networks: 127.0.0.0/127.255.255.255, ::1
  [1m[36mActiveRecord::SchemaMigration Load (6.5ms)[0m  [1m[34mSELECT "schema_migrations"."version" FROM "schema_migrations" ORDER BY "schema_migrations"."version" ASC[0m
Processing by MenusController#index as HTML
  Rendering layout layouts/application.html.erb
  Rendering menus/index.html.erb within layouts/application
  [1m[36mMenu Load (6.8ms)[0m  [1m[34mSELECT "menus".* FROM "menus"[0m
  ↳ app/views/menus/index.html.erb:6
  Rendered menus/index.html.erb within layouts/application (Duration: 176.4ms | Allocations: 2720)
  Rendered layout layouts/application.html.erb (Duration: 1828.8ms | Allocations: 34758)
Completed 200 OK in 2284ms (Views: 1773.8ms | ActiveRecord: 126.8ms | Allocations: 41319)


Started GET "/" for 172.17.0.1 at 2024-11-19 02:49:08 +0000
Cannot render console from 172.17.0.1! Allowed networks: 127.0.0.0/127.255.255.255, ::1
  [1m[36mActiveRecord::SchemaMigration Load (6.9ms)[0m  [1m[34mSELECT "schema_migrations"."version" FROM "schema_migrations" ORDER BY "schema_migrations"."version" ASC[0m
Processing by UsersController#index as HTML
  Rendering layout layouts/application.html.erb
  Rendering users/index.html.erb within layouts/application
  [1m[36mUser Load (8.4ms)[0m  [1m[34mSELECT "users".* FROM "users"[0m
  ↳ app/views/users/index.html.erb:6
  Rendered users/index.html.erb within layouts/application (Duration: 200.9ms | Allocations: 2733)
  Rendered layout layouts/application.html.erb (Duration: 1847.5ms | Allocations: 34738)
Completed 200 OK in 2431ms (Views: 1781.8ms | ActiveRecord: 155.6ms | Allocations: 40326)


Started GET "/users/new" for 172.17.0.1 at 2024-11-19 02:49:16 +0000
Cannot render console from 172.17.0.1! Allowed networks: 127.0.0.0/127.255.255.255, ::1
Processing by UsersController#new as HTML
  Rendering layout layouts/application.html.erb
  Rendering users/new.html.erb within layouts/application
  Rendered users/_form.html.erb (Duration: 61.0ms | Allocations: 2398)
  Rendered users/new.html.erb within layouts/application (Duration: 110.8ms | Allocations: 2715)
  Rendered layout layouts/application.html.erb (Duration: 244.5ms | Allocations: 3819)
Completed 200 OK in 369ms (Views: 249.2ms | ActiveRecord: 9.8ms | Allocations: 11871)


Started POST "/users" for 172.17.0.1 at 2024-11-19 02:49:33 +0000
Cannot render console from 172.17.0.1! Allowed networks: 127.0.0.0/127.255.255.255, ::1
Processing by Devise::RegistrationsController#create as TURBO_STREAM
  Parameters: {"authenticity_token"=>"[FILTERED]", "user"=>{"company_name"=>"Restaurant", "name"=>"Josh", "email"=>"jc@msudenver.edu", "password"=>"[FILTERED]"}, "commit"=>"Create User"}
[31mUnpermitted parameters: :company_name, :name. Context: { controller: Devise::RegistrationsController, action: create, request: #<ActionDispatch::Request:0x00007f92454c7820>, params: {"authenticity_token"=>"[FILTERED]", "user"=>{"company_name"=>"Restaurant", "name"=>"Josh", "email"=>"jc@msudenver.edu", "password"=>"[FILTERED]"}, "commit"=>"Create User", "controller"=>"devise/registrations", "action"=>"create"} }[0m
Completed 500 Internal Server Error in 834ms (ActiveRecord: 0.0ms | Allocations: 3275)


  
NoMethodError (undefined method `encrypted_password=' for #<User id: nil, company_name: nil, name: nil, email: "jc@msudenver.edu", password: nil, created_at: nil, updated_at: nil>):
  
activemodel (7.1.5) lib/active_model/attribute_methods.rb:511:in `method_missing'
activerecord (7.1.5) lib/active_record/attribute_methods.rb:499:in `method_missing'
devise (4.9.4) lib/devise/models/database_authenticatable.rb:67:in `password='
activemodel (7.1.5) lib/active_model/attribute_assignment.rb:49:in `public_send'
activemodel (7.1.5) lib/active_model/attribute_assignment.rb:49:in `_assign_attribute'
activerecord (7.1.5) lib/active_record/attribute_assignment.rb:19:in `block in _assign_attributes'
activerecord (7.1.5) lib/active_record/attribute_assignment.rb:11:in `each'
activerecord (7.1.5) lib/active_record/attribute_assignment.rb:11:in `_assign_attributes'
activemodel (7.1.5) lib/active_model/attribute_assignment.rb:34:in `assign_attributes'
activerecord (7.1.5) lib/active_record/core.rb:453:in `initialize'
devise (4.9.4) lib/devise/models/database_authenticatable.rb:45:in `initialize'
activerecord (7.1.5) lib/active_record/inheritance.rb:76:in `new'
activerecord (7.1.5) lib/active_record/inheritance.rb:76:in `new'
devise (4.9.4) lib/devise/models/registerable.rb:22:in `new_with_session'
devise (4.9.4) app/controllers/devise/registrations_controller.rb:100:in `build_resource'
devise (4.9.4) app/controllers/devise/registrations_controller.rb:17:in `create'
actionpack (7.1.5) lib/action_controller/metal/basic_implicit_render.rb:6:in `send_action'
actionpack (7.1.5) lib/abstract_controller/base.rb:224:in `process_action'
actionpack (7.1.5) lib/action_controller/metal/rendering.rb:165:in `process_action'
actionpack (7.1.5) lib/abstract_controller/callbacks.rb:259:in `block in process_action'
activesupport (7.1.5) lib/active_support/callbacks.rb:121:in `block in run_callbacks'
turbo-rails (2.0.11) lib/turbo-rails.rb:24:in `with_request_id'
turbo-rails (2.0.11) app/controllers/concerns/turbo/request_id_tracking.rb:10:in `turbo_tracking_request_id'
activesupport (7.1.5) lib/active_support/callbacks.rb:130:in `block in run_callbacks'
actiontext (7.1.5) lib/action_text/rendering.rb:23:in `with_renderer'
actiontext (7.1.5) lib/action_text/engine.rb:69:in `block (4 levels) in <class:Engine>'
activesupport (7.1.5) lib/active_support/callbacks.rb:130:in `instance_exec'
activesupport (7.1.5) lib/active_support/callbacks.rb:130:in `block in run_callbacks'
activesupport (7.1.5) lib/active_support/callbacks.rb:141:in `run_callbacks'
actionpack (7.1.5) lib/abstract_controller/callbacks.rb:258:in `process_action'
actionpack (7.1.5) lib/action_controller/metal/rescue.rb:25:in `process_action'
actionpack (7.1.5) lib/action_controller/metal/instrumentation.rb:74:in `block in process_action'
activesupport (7.1.5) lib/active_support/notifications.rb:206:in `block in instrument'
activesupport (7.1.5) lib/active_support/notifications/instrumenter.rb:58:in `instrument'
activesupport (7.1.5) lib/active_support/notifications.rb:206:in `instrument'
actionpack (7.1.5) lib/action_controller/metal/instrumentation.rb:73:in `process_action'
actionpack (7.1.5) lib/action_controller/metal/params_wrapper.rb:261:in `process_action'
activerecord (7.1.5) lib/active_record/railties/controller_runtime.rb:32:in `process_action'
actionpack (7.1.5) lib/abstract_controller/base.rb:160:in `process'
actionview (7.1.5) lib/action_view/rendering.rb:40:in `process'
actionpack (7.1.5) lib/action_controller/metal.rb:227:in `dispatch'
actionpack (7.1.5) lib/action_controller/metal.rb:309:in `dispatch'
actionpack (7.1.5) lib/action_dispatch/routing/route_set.rb:49:in `dispatch'
actionpack (7.1.5) lib/action_dispatch/routing/route_set.rb:32:in `serve'
actionpack (7.1.5) lib/action_dispatch/routing/mapper.rb:30:in `block in <class:Constraints>'
actionpack (7.1.5) lib/action_dispatch/routing/mapper.rb:60:in `serve'
actionpack (7.1.5) lib/action_dispatch/journey/router.rb:51:in `block in serve'
actionpack (7.1.5) lib/action_dispatch/journey/router.rb:131:in `block in find_routes'
actionpack (7.1.5) lib/action_dispatch/journey/router.rb:124:in `each'
actionpack (7.1.5) lib/action_dispatch/journey/router.rb:124:in `find_routes'
actionpack (7.1.5) lib/action_dispatch/journey/router.rb:32:in `serve'
actionpack (7.1.5) lib/action_dispatch/routing/route_set.rb:882:in `call'
warden (1.2.9) lib/warden/manager.rb:36:in `block in call'
warden (1.2.9) lib/warden/manager.rb:34:in `catch'
warden (1.2.9) lib/warden/manager.rb:34:in `call'
rack (3.1.8) lib/rack/tempfile_reaper.rb:20:in `call'
rack (3.1.8) lib/rack/etag.rb:29:in `call'
rack (3.1.8) lib/rack/conditional_get.rb:43:in `call'
rack (3.1.8) lib/rack/head.rb:15:in `call'
actionpack (7.1.5) lib/action_dispatch/http/permissions_policy.rb:36:in `call'
actionpack (7.1.5) lib/action_dispatch/http/content_security_policy.rb:33:in `call'
rack-session (2.0.0) lib/rack/session/abstract/id.rb:272:in `context'
rack-session (2.0.0) lib/rack/session/abstract/id.rb:266:in `call'
actionpack (7.1.5) lib/action_dispatch/middleware/cookies.rb:689:in `call'
activerecord (7.1.5) lib/active_record/migration.rb:655:in `call'
actionpack (7.1.5) lib/action_dispatch/middleware/callbacks.rb:29:in `block in call'
activesupport (7.1.5) lib/active_support/callbacks.rb:101:in `run_callbacks'
actionpack (7.1.5) lib/action_dispatch/middleware/callbacks.rb:28:in `call'
actionpack (7.1.5) lib/action_dispatch/middleware/executor.rb:14:in `call'
actionpack (7.1.5) lib/action_dispatch/middleware/actionable_exceptions.rb:16:in `call'
actionpack (7.1.5) lib/action_dispatch/middleware/debug_exceptions.rb:29:in `call'
web-console (4.2.1) lib/web_console/middleware.rb:132:in `call_app'
web-console (4.2.1) lib/web_console/middleware.rb:19:in `block in call'
web-console (4.2.1) lib/web_console/middleware.rb:17:in `catch'
web-console (4.2.1) lib/web_console/middleware.rb:17:in `call'
actionpack (7.1.5) lib/action_dispatch/middleware/show_exceptions.rb:31:in `call'
railties (7.1.5) lib/rails/rack/logger.rb:37:in `call_app'
railties (7.1.5) lib/rails/rack/logger.rb:24:in `block in call'
activesupport (7.1.5) lib/active_support/tagged_logging.rb:139:in `block in tagged'
activesupport (7.1.5) lib/active_support/tagged_logging.rb:39:in `tagged'
activesupport (7.1.5) lib/active_support/tagged_logging.rb:139:in `tagged'
activesupport (7.1.5) lib/active_support/broadcast_logger.rb:241:in `method_missing'
railties (7.1.5) lib/rails/rack/logger.rb:24:in `call'
sprockets-rails (3.5.2) lib/sprockets/rails/quiet_assets.rb:17:in `call'
actionpack (7.1.5) lib/action_dispatch/middleware/remote_ip.rb:92:in `call'
actionpack (7.1.5) lib/action_dispatch/middleware/request_id.rb:28:in `call'
rack (3.1.8) lib/rack/method_override.rb:28:in `call'
rack (3.1.8) lib/rack/runtime.rb:24:in `call'
activesupport (7.1.5) lib/active_support/cache/strategy/local_cache_middleware.rb:29:in `call'
actionpack (7.1.5) lib/action_dispatch/middleware/server_timing.rb:59:in `block in call'
actionpack (7.1.5) lib/action_dispatch/middleware/server_timing.rb:24:in `collect_events'
actionpack (7.1.5) lib/action_dispatch/middleware/server_timing.rb:58:in `call'
actionpack (7.1.5) lib/action_dispatch/middleware/executor.rb:14:in `call'
actionpack (7.1.5) lib/action_dispatch/middleware/static.rb:25:in `call'
rack (3.1.8) lib/rack/sendfile.rb:114:in `call'
actionpack (7.1.5) lib/action_dispatch/middleware/host_authorization.rb:141:in `call'
railties (7.1.5) lib/rails/engine.rb:536:in `call'
puma (6.4.3) lib/puma/configuration.rb:272:in `call'
puma (6.4.3) lib/puma/request.rb:100:in `block in handle_request'
puma (6.4.3) lib/puma/thread_pool.rb:378:in `with_force_shutdown'
puma (6.4.3) lib/puma/request.rb:99:in `handle_request'
puma (6.4.3) lib/puma/server.rb:464:in `process_client'
puma (6.4.3) lib/puma/server.rb:245:in `block in run'
puma (6.4.3) lib/puma/thread_pool.rb:155:in `block in spawn_thread'
  [1m[36mActiveRecord::InternalMetadata Load (6.9ms)[0m  [1m[34mSELECT * FROM "ar_internal_metadata" WHERE "ar_internal_metadata"."key" = ? ORDER BY "ar_internal_metadata"."key" ASC LIMIT 1[0m  [[nil, "environment"]]
  [1m[36mActiveRecord::SchemaMigration Load (1.6ms)[0m  [1m[34mSELECT "schema_migrations"."version" FROM "schema_migrations" ORDER BY "schema_migrations"."version" ASC[0m
  [1m[36mActiveRecord::SchemaMigration Load (1.4ms)[0m  [1m[34mSELECT "schema_migrations"."version" FROM "schema_migrations" ORDER BY "schema_migrations"."version" ASC[0m
Started GET "/" for 172.17.0.1 at 2024-11-19 02:53:57 +0000
Cannot render console from 172.17.0.1! Allowed networks: 127.0.0.0/127.255.255.255, ::1
  [1m[36mActiveRecord::SchemaMigration Load (5.0ms)[0m  [1m[34mSELECT "schema_migrations"."version" FROM "schema_migrations" ORDER BY "schema_migrations"."version" ASC[0m
Processing by UsersController#index as HTML
  Rendering layout layouts/application.html.erb
  Rendering users/index.html.erb within layouts/application
  [1m[36mUser Load (8.5ms)[0m  [1m[34mSELECT "users".* FROM "users"[0m
  ↳ app/views/users/index.html.erb:6
  Rendered users/index.html.erb within layouts/application (Duration: 203.5ms | Allocations: 2720)
  Rendered layout layouts/application.html.erb (Duration: 1959.7ms | Allocations: 34694)
Completed 200 OK in 2382ms (Views: 1851.4ms | ActiveRecord: 172.5ms | Allocations: 40284)


Started GET "/users/new" for 172.17.0.1 at 2024-11-19 02:54:07 +0000
Cannot render console from 172.17.0.1! Allowed networks: 127.0.0.0/127.255.255.255, ::1
Processing by UsersController#new as HTML
  Rendering layout layouts/application.html.erb
  Rendering users/new.html.erb within layouts/application
  Rendered users/_form.html.erb (Duration: 64.8ms | Allocations: 2377)
  Rendered users/new.html.erb within layouts/application (Duration: 117.7ms | Allocations: 2694)
  Rendered layout layouts/application.html.erb (Duration: 270.6ms | Allocations: 3798)
Completed 200 OK in 449ms (Views: 275.5ms | ActiveRecord: 10.8ms | Allocations: 13639)


Started POST "/users" for 172.17.0.1 at 2024-11-19 02:54:11 +0000
Cannot render console from 172.17.0.1! Allowed networks: 127.0.0.0/127.255.255.255, ::1
Processing by Devise::RegistrationsController#create as TURBO_STREAM
  Parameters: {"authenticity_token"=>"[FILTERED]", "user"=>{"company_name"=>"Restaurant", "name"=>"Josh", "email"=>"jc@msudenver.edu", "password"=>"[FILTERED]"}, "commit"=>"Create User"}
[31mUnpermitted parameters: :company_name, :name. Context: { controller: Devise::RegistrationsController, action: create, request: #<ActionDispatch::Request:0x00007fed5048e938>, params: {"authenticity_token"=>"[FILTERED]", "user"=>{"company_name"=>"Restaurant", "name"=>"Josh", "email"=>"jc@msudenver.edu", "password"=>"[FILTERED]"}, "commit"=>"Create User", "controller"=>"devise/registrations", "action"=>"create"} }[0m
Completed 500 Internal Server Error in 500ms (ActiveRecord: 0.0ms | Allocations: 2291)


  
NoMethodError (undefined method `encrypted_password=' for #<User id: nil, company_name: nil, name: nil, email: "jc@msudenver.edu", password: nil, created_at: nil, updated_at: nil>):
  
activemodel (7.1.5) lib/active_model/attribute_methods.rb:511:in `method_missing'
activerecord (7.1.5) lib/active_record/attribute_methods.rb:499:in `method_missing'
devise (4.9.4) lib/devise/models/database_authenticatable.rb:67:in `password='
activemodel (7.1.5) lib/active_model/attribute_assignment.rb:49:in `public_send'
activemodel (7.1.5) lib/active_model/attribute_assignment.rb:49:in `_assign_attribute'
activerecord (7.1.5) lib/active_record/attribute_assignment.rb:19:in `block in _assign_attributes'
activerecord (7.1.5) lib/active_record/attribute_assignment.rb:11:in `each'
activerecord (7.1.5) lib/active_record/attribute_assignment.rb:11:in `_assign_attributes'
activemodel (7.1.5) lib/active_model/attribute_assignment.rb:34:in `assign_attributes'
activerecord (7.1.5) lib/active_record/core.rb:453:in `initialize'
devise (4.9.4) lib/devise/models/database_authenticatable.rb:45:in `initialize'
activerecord (7.1.5) lib/active_record/inheritance.rb:76:in `new'
activerecord (7.1.5) lib/active_record/inheritance.rb:76:in `new'
devise (4.9.4) lib/devise/models/registerable.rb:22:in `new_with_session'
devise (4.9.4) app/controllers/devise/registrations_controller.rb:100:in `build_resource'
devise (4.9.4) app/controllers/devise/registrations_controller.rb:17:in `create'
actionpack (7.1.5) lib/action_controller/metal/basic_implicit_render.rb:6:in `send_action'
actionpack (7.1.5) lib/abstract_controller/base.rb:224:in `process_action'
actionpack (7.1.5) lib/action_controller/metal/rendering.rb:165:in `process_action'
actionpack (7.1.5) lib/abstract_controller/callbacks.rb:259:in `block in process_action'
activesupport (7.1.5) lib/active_support/callbacks.rb:121:in `block in run_callbacks'
turbo-rails (2.0.11) lib/turbo-rails.rb:24:in `with_request_id'
turbo-rails (2.0.11) app/controllers/concerns/turbo/request_id_tracking.rb:10:in `turbo_tracking_request_id'
activesupport (7.1.5) lib/active_support/callbacks.rb:130:in `block in run_callbacks'
actiontext (7.1.5) lib/action_text/rendering.rb:23:in `with_renderer'
actiontext (7.1.5) lib/action_text/engine.rb:69:in `block (4 levels) in <class:Engine>'
activesupport (7.1.5) lib/active_support/callbacks.rb:130:in `instance_exec'
activesupport (7.1.5) lib/active_support/callbacks.rb:130:in `block in run_callbacks'
activesupport (7.1.5) lib/active_support/callbacks.rb:141:in `run_callbacks'
actionpack (7.1.5) lib/abstract_controller/callbacks.rb:258:in `process_action'
actionpack (7.1.5) lib/action_controller/metal/rescue.rb:25:in `process_action'
actionpack (7.1.5) lib/action_controller/metal/instrumentation.rb:74:in `block in process_action'
activesupport (7.1.5) lib/active_support/notifications.rb:206:in `block in instrument'
activesupport (7.1.5) lib/active_support/notifications/instrumenter.rb:58:in `instrument'
activesupport (7.1.5) lib/active_support/notifications.rb:206:in `instrument'
actionpack (7.1.5) lib/action_controller/metal/instrumentation.rb:73:in `process_action'
actionpack (7.1.5) lib/action_controller/metal/params_wrapper.rb:261:in `process_action'
activerecord (7.1.5) lib/active_record/railties/controller_runtime.rb:32:in `process_action'
actionpack (7.1.5) lib/abstract_controller/base.rb:160:in `process'
actionview (7.1.5) lib/action_view/rendering.rb:40:in `process'
actionpack (7.1.5) lib/action_controller/metal.rb:227:in `dispatch'
actionpack (7.1.5) lib/action_controller/metal.rb:309:in `dispatch'
actionpack (7.1.5) lib/action_dispatch/routing/route_set.rb:49:in `dispatch'
actionpack (7.1.5) lib/action_dispatch/routing/route_set.rb:32:in `serve'
actionpack (7.1.5) lib/action_dispatch/routing/mapper.rb:30:in `block in <class:Constraints>'
actionpack (7.1.5) lib/action_dispatch/routing/mapper.rb:60:in `serve'
actionpack (7.1.5) lib/action_dispatch/journey/router.rb:51:in `block in serve'
actionpack (7.1.5) lib/action_dispatch/journey/router.rb:131:in `block in find_routes'
actionpack (7.1.5) lib/action_dispatch/journey/router.rb:124:in `each'
actionpack (7.1.5) lib/action_dispatch/journey/router.rb:124:in `find_routes'
actionpack (7.1.5) lib/action_dispatch/journey/router.rb:32:in `serve'
actionpack (7.1.5) lib/action_dispatch/routing/route_set.rb:882:in `call'
warden (1.2.9) lib/warden/manager.rb:36:in `block in call'
warden (1.2.9) lib/warden/manager.rb:34:in `catch'
warden (1.2.9) lib/warden/manager.rb:34:in `call'
rack (3.1.8) lib/rack/tempfile_reaper.rb:20:in `call'
rack (3.1.8) lib/rack/etag.rb:29:in `call'
rack (3.1.8) lib/rack/conditional_get.rb:43:in `call'
rack (3.1.8) lib/rack/head.rb:15:in `call'
actionpack (7.1.5) lib/action_dispatch/http/permissions_policy.rb:36:in `call'
actionpack (7.1.5) lib/action_dispatch/http/content_security_policy.rb:33:in `call'
rack-session (2.0.0) lib/rack/session/abstract/id.rb:272:in `context'
rack-session (2.0.0) lib/rack/session/abstract/id.rb:266:in `call'
actionpack (7.1.5) lib/action_dispatch/middleware/cookies.rb:689:in `call'
activerecord (7.1.5) lib/active_record/migration.rb:655:in `call'
actionpack (7.1.5) lib/action_dispatch/middleware/callbacks.rb:29:in `block in call'
activesupport (7.1.5) lib/active_support/callbacks.rb:101:in `run_callbacks'
actionpack (7.1.5) lib/action_dispatch/middleware/callbacks.rb:28:in `call'
actionpack (7.1.5) lib/action_dispatch/middleware/executor.rb:14:in `call'
actionpack (7.1.5) lib/action_dispatch/middleware/actionable_exceptions.rb:16:in `call'
actionpack (7.1.5) lib/action_dispatch/middleware/debug_exceptions.rb:29:in `call'
web-console (4.2.1) lib/web_console/middleware.rb:132:in `call_app'
web-console (4.2.1) lib/web_console/middleware.rb:19:in `block in call'
web-console (4.2.1) lib/web_console/middleware.rb:17:in `catch'
web-console (4.2.1) lib/web_console/middleware.rb:17:in `call'
actionpack (7.1.5) lib/action_dispatch/middleware/show_exceptions.rb:31:in `call'
railties (7.1.5) lib/rails/rack/logger.rb:37:in `call_app'
railties (7.1.5) lib/rails/rack/logger.rb:24:in `block in call'
activesupport (7.1.5) lib/active_support/tagged_logging.rb:139:in `block in tagged'
activesupport (7.1.5) lib/active_support/tagged_logging.rb:39:in `tagged'
activesupport (7.1.5) lib/active_support/tagged_logging.rb:139:in `tagged'
activesupport (7.1.5) lib/active_support/broadcast_logger.rb:241:in `method_missing'
railties (7.1.5) lib/rails/rack/logger.rb:24:in `call'
sprockets-rails (3.5.2) lib/sprockets/rails/quiet_assets.rb:17:in `call'
actionpack (7.1.5) lib/action_dispatch/middleware/remote_ip.rb:92:in `call'
actionpack (7.1.5) lib/action_dispatch/middleware/request_id.rb:28:in `call'
rack (3.1.8) lib/rack/method_override.rb:28:in `call'
rack (3.1.8) lib/rack/runtime.rb:24:in `call'
activesupport (7.1.5) lib/active_support/cache/strategy/local_cache_middleware.rb:29:in `call'
actionpack (7.1.5) lib/action_dispatch/middleware/server_timing.rb:59:in `block in call'
actionpack (7.1.5) lib/action_dispatch/middleware/server_timing.rb:24:in `collect_events'
actionpack (7.1.5) lib/action_dispatch/middleware/server_timing.rb:58:in `call'
actionpack (7.1.5) lib/action_dispatch/middleware/executor.rb:14:in `call'
actionpack (7.1.5) lib/action_dispatch/middleware/static.rb:25:in `call'
rack (3.1.8) lib/rack/sendfile.rb:114:in `call'
actionpack (7.1.5) lib/action_dispatch/middleware/host_authorization.rb:141:in `call'
railties (7.1.5) lib/rails/engine.rb:536:in `call'
puma (6.4.3) lib/puma/configuration.rb:272:in `call'
puma (6.4.3) lib/puma/request.rb:100:in `block in handle_request'
puma (6.4.3) lib/puma/thread_pool.rb:378:in `with_force_shutdown'
puma (6.4.3) lib/puma/request.rb:99:in `handle_request'
puma (6.4.3) lib/puma/server.rb:464:in `process_client'
puma (6.4.3) lib/puma/server.rb:245:in `block in run'
puma (6.4.3) lib/puma/thread_pool.rb:155:in `block in spawn_thread'
Started GET "/" for 172.17.0.1 at 2024-11-19 02:54:45 +0000
Cannot render console from 172.17.0.1! Allowed networks: 127.0.0.0/127.255.255.255, ::1
Processing by UsersController#index as HTML
  Rendering layout layouts/application.html.erb
  Rendering users/index.html.erb within layouts/application
  [1m[36mUser Load (3.7ms)[0m  [1m[34mSELECT "users".* FROM "users"[0m
  ↳ app/views/users/index.html.erb:6
  Rendered users/index.html.erb within layouts/application (Duration: 15.1ms | Allocations: 604)
  Rendered layout layouts/application.html.erb (Duration: 149.2ms | Allocations: 1725)
Completed 200 OK in 209ms (Views: 150.1ms | ActiveRecord: 3.7ms | Allocations: 1986)


Started GET "/" for 172.17.0.1 at 2024-11-19 02:54:46 +0000
Cannot render console from 172.17.0.1! Allowed networks: 127.0.0.0/127.255.255.255, ::1
Processing by UsersController#index as HTML
  Rendering layout layouts/application.html.erb
  Rendering users/index.html.erb within layouts/application
  [1m[36mUser Load (1.7ms)[0m  [1m[34mSELECT "users".* FROM "users"[0m
  ↳ app/views/users/index.html.erb:6
  Rendered users/index.html.erb within layouts/application (Duration: 9.3ms | Allocations: 585)
  Rendered layout layouts/application.html.erb (Duration: 118.4ms | Allocations: 1690)
Completed 200 OK in 171ms (Views: 120.5ms | ActiveRecord: 1.7ms | Allocations: 1944)


Started GET "/users/new" for 172.17.0.1 at 2024-11-19 02:54:49 +0000
Cannot render console from 172.17.0.1! Allowed networks: 127.0.0.0/127.255.255.255, ::1
Processing by UsersController#new as HTML
  Rendering layout layouts/application.html.erb
  Rendering users/new.html.erb within layouts/application
  Rendered users/_form.html.erb (Duration: 9.6ms | Allocations: 1069)
  Rendered users/new.html.erb within layouts/application (Duration: 12.8ms | Allocations: 1148)
  Rendered layout layouts/application.html.erb (Duration: 121.8ms | Allocations: 2252)
Completed 200 OK in 163ms (Views: 125.5ms | ActiveRecord: 0.0ms | Allocations: 2520)


Started POST "/users" for 172.17.0.1 at 2024-11-19 02:54:58 +0000
Cannot render console from 172.17.0.1! Allowed networks: 127.0.0.0/127.255.255.255, ::1
Processing by Devise::RegistrationsController#create as TURBO_STREAM
  Parameters: {"authenticity_token"=>"[FILTERED]", "user"=>{"company_name"=>"Restaurant", "name"=>"Josh", "email"=>"jc@msudenver.edu", "password"=>"[FILTERED]"}, "commit"=>"Create User"}
[31mUnpermitted parameters: :company_name, :name. Context: { controller: Devise::RegistrationsController, action: create, request: #<ActionDispatch::Request:0x00007fed505add50>, params: {"authenticity_token"=>"[FILTERED]", "user"=>{"company_name"=>"Restaurant", "name"=>"Josh", "email"=>"jc@msudenver.edu", "password"=>"[FILTERED]"}, "commit"=>"Create User", "controller"=>"devise/registrations", "action"=>"create"} }[0m
  [1m[36mTRANSACTION (0.2ms)[0m  [1m[36mbegin transaction[0m
  [1m[36mUser Exists? (10.8ms)[0m  [1m[34mSELECT 1 AS one FROM "users" WHERE "users"."email" = ? LIMIT ?[0m  [["email", "jc@msudenver.edu"], ["LIMIT", 1]]
  [1m[36mTRANSACTION (0.7ms)[0m  [1m[31mrollback transaction[0m
  Rendering layout layouts/application.html.erb
  Rendering devise/registrations/new.html.erb within layouts/application
  Rendered devise/shared/_error_messages.html.erb (Duration: 18.0ms | Allocations: 637)
  Rendered devise/shared/_links.html.erb (Duration: 17.4ms | Allocations: 527)
  Rendered devise/registrations/new.html.erb within layouts/application (Duration: 267.3ms | Allocations: 3762)
  Rendered layout layouts/application.html.erb (Duration: 387.1ms | Allocations: 4944)
Completed 422 Unprocessable Content in 676ms (Views: 441.8ms | ActiveRecord: 11.5ms | Allocations: 14781)


Started POST "/users" for 172.17.0.1 at 2024-11-19 02:55:10 +0000
Cannot render console from 172.17.0.1! Allowed networks: 127.0.0.0/127.255.255.255, ::1
Processing by Devise::RegistrationsController#create as TURBO_STREAM
  Parameters: {"authenticity_token"=>"[FILTERED]", "user"=>{"email"=>"jc@msudenver.edu", "password"=>"[FILTERED]", "password_confirmation"=>"[FILTERED]"}, "commit"=>"Sign up"}
Completed 500 Internal Server Error in 407ms (ActiveRecord: 0.0ms | Allocations: 1025)


  
NoMethodError (undefined method `encrypted_password=' for #<User id: nil, company_name: nil, name: nil, email: "jc@msudenver.edu", password: nil, created_at: nil, updated_at: nil>):
  
activemodel (7.1.5) lib/active_model/attribute_methods.rb:511:in `method_missing'
activerecord (7.1.5) lib/active_record/attribute_methods.rb:499:in `method_missing'
devise (4.9.4) lib/devise/models/database_authenticatable.rb:67:in `password='
activemodel (7.1.5) lib/active_model/attribute_assignment.rb:49:in `public_send'
activemodel (7.1.5) lib/active_model/attribute_assignment.rb:49:in `_assign_attribute'
activerecord (7.1.5) lib/active_record/attribute_assignment.rb:19:in `block in _assign_attributes'
activerecord (7.1.5) lib/active_record/attribute_assignment.rb:11:in `each'
activerecord (7.1.5) lib/active_record/attribute_assignment.rb:11:in `_assign_attributes'
activemodel (7.1.5) lib/active_model/attribute_assignment.rb:34:in `assign_attributes'
activerecord (7.1.5) lib/active_record/core.rb:453:in `initialize'
devise (4.9.4) lib/devise/models/database_authenticatable.rb:45:in `initialize'
activerecord (7.1.5) lib/active_record/inheritance.rb:76:in `new'
activerecord (7.1.5) lib/active_record/inheritance.rb:76:in `new'
devise (4.9.4) lib/devise/models/registerable.rb:22:in `new_with_session'
devise (4.9.4) app/controllers/devise/registrations_controller.rb:100:in `build_resource'
devise (4.9.4) app/controllers/devise/registrations_controller.rb:17:in `create'
actionpack (7.1.5) lib/action_controller/metal/basic_implicit_render.rb:6:in `send_action'
actionpack (7.1.5) lib/abstract_controller/base.rb:224:in `process_action'
actionpack (7.1.5) lib/action_controller/metal/rendering.rb:165:in `process_action'
actionpack (7.1.5) lib/abstract_controller/callbacks.rb:259:in `block in process_action'
activesupport (7.1.5) lib/active_support/callbacks.rb:121:in `block in run_callbacks'
turbo-rails (2.0.11) lib/turbo-rails.rb:24:in `with_request_id'
turbo-rails (2.0.11) app/controllers/concerns/turbo/request_id_tracking.rb:10:in `turbo_tracking_request_id'
activesupport (7.1.5) lib/active_support/callbacks.rb:130:in `block in run_callbacks'
actiontext (7.1.5) lib/action_text/rendering.rb:23:in `with_renderer'
actiontext (7.1.5) lib/action_text/engine.rb:69:in `block (4 levels) in <class:Engine>'
activesupport (7.1.5) lib/active_support/callbacks.rb:130:in `instance_exec'
activesupport (7.1.5) lib/active_support/callbacks.rb:130:in `block in run_callbacks'
activesupport (7.1.5) lib/active_support/callbacks.rb:141:in `run_callbacks'
actionpack (7.1.5) lib/abstract_controller/callbacks.rb:258:in `process_action'
actionpack (7.1.5) lib/action_controller/metal/rescue.rb:25:in `process_action'
actionpack (7.1.5) lib/action_controller/metal/instrumentation.rb:74:in `block in process_action'
activesupport (7.1.5) lib/active_support/notifications.rb:206:in `block in instrument'
activesupport (7.1.5) lib/active_support/notifications/instrumenter.rb:58:in `instrument'
activesupport (7.1.5) lib/active_support/notifications.rb:206:in `instrument'
actionpack (7.1.5) lib/action_controller/metal/instrumentation.rb:73:in `process_action'
actionpack (7.1.5) lib/action_controller/metal/params_wrapper.rb:261:in `process_action'
activerecord (7.1.5) lib/active_record/railties/controller_runtime.rb:32:in `process_action'
actionpack (7.1.5) lib/abstract_controller/base.rb:160:in `process'
actionview (7.1.5) lib/action_view/rendering.rb:40:in `process'
actionpack (7.1.5) lib/action_controller/metal.rb:227:in `dispatch'
actionpack (7.1.5) lib/action_controller/metal.rb:309:in `dispatch'
actionpack (7.1.5) lib/action_dispatch/routing/route_set.rb:49:in `dispatch'
actionpack (7.1.5) lib/action_dispatch/routing/route_set.rb:32:in `serve'
actionpack (7.1.5) lib/action_dispatch/routing/mapper.rb:30:in `block in <class:Constraints>'
actionpack (7.1.5) lib/action_dispatch/routing/mapper.rb:60:in `serve'
actionpack (7.1.5) lib/action_dispatch/journey/router.rb:51:in `block in serve'
actionpack (7.1.5) lib/action_dispatch/journey/router.rb:131:in `block in find_routes'
actionpack (7.1.5) lib/action_dispatch/journey/router.rb:124:in `each'
actionpack (7.1.5) lib/action_dispatch/journey/router.rb:124:in `find_routes'
actionpack (7.1.5) lib/action_dispatch/journey/router.rb:32:in `serve'
actionpack (7.1.5) lib/action_dispatch/routing/route_set.rb:882:in `call'
warden (1.2.9) lib/warden/manager.rb:36:in `block in call'
warden (1.2.9) lib/warden/manager.rb:34:in `catch'
warden (1.2.9) lib/warden/manager.rb:34:in `call'
rack (3.1.8) lib/rack/tempfile_reaper.rb:20:in `call'
rack (3.1.8) lib/rack/etag.rb:29:in `call'
rack (3.1.8) lib/rack/conditional_get.rb:43:in `call'
rack (3.1.8) lib/rack/head.rb:15:in `call'
actionpack (7.1.5) lib/action_dispatch/http/permissions_policy.rb:36:in `call'
actionpack (7.1.5) lib/action_dispatch/http/content_security_policy.rb:33:in `call'
rack-session (2.0.0) lib/rack/session/abstract/id.rb:272:in `context'
rack-session (2.0.0) lib/rack/session/abstract/id.rb:266:in `call'
actionpack (7.1.5) lib/action_dispatch/middleware/cookies.rb:689:in `call'
activerecord (7.1.5) lib/active_record/migration.rb:655:in `call'
actionpack (7.1.5) lib/action_dispatch/middleware/callbacks.rb:29:in `block in call'
activesupport (7.1.5) lib/active_support/callbacks.rb:101:in `run_callbacks'
actionpack (7.1.5) lib/action_dispatch/middleware/callbacks.rb:28:in `call'
actionpack (7.1.5) lib/action_dispatch/middleware/executor.rb:14:in `call'
actionpack (7.1.5) lib/action_dispatch/middleware/actionable_exceptions.rb:16:in `call'
actionpack (7.1.5) lib/action_dispatch/middleware/debug_exceptions.rb:29:in `call'
web-console (4.2.1) lib/web_console/middleware.rb:132:in `call_app'
web-console (4.2.1) lib/web_console/middleware.rb:19:in `block in call'
web-console (4.2.1) lib/web_console/middleware.rb:17:in `catch'
web-console (4.2.1) lib/web_console/middleware.rb:17:in `call'
actionpack (7.1.5) lib/action_dispatch/middleware/show_exceptions.rb:31:in `call'
railties (7.1.5) lib/rails/rack/logger.rb:37:in `call_app'
railties (7.1.5) lib/rails/rack/logger.rb:24:in `block in call'
activesupport (7.1.5) lib/active_support/tagged_logging.rb:139:in `block in tagged'
activesupport (7.1.5) lib/active_support/tagged_logging.rb:39:in `tagged'
activesupport (7.1.5) lib/active_support/tagged_logging.rb:139:in `tagged'
activesupport (7.1.5) lib/active_support/broadcast_logger.rb:241:in `method_missing'
railties (7.1.5) lib/rails/rack/logger.rb:24:in `call'
sprockets-rails (3.5.2) lib/sprockets/rails/quiet_assets.rb:17:in `call'
actionpack (7.1.5) lib/action_dispatch/middleware/remote_ip.rb:92:in `call'
actionpack (7.1.5) lib/action_dispatch/middleware/request_id.rb:28:in `call'
rack (3.1.8) lib/rack/method_override.rb:28:in `call'
rack (3.1.8) lib/rack/runtime.rb:24:in `call'
activesupport (7.1.5) lib/active_support/cache/strategy/local_cache_middleware.rb:29:in `call'
actionpack (7.1.5) lib/action_dispatch/middleware/server_timing.rb:59:in `block in call'
actionpack (7.1.5) lib/action_dispatch/middleware/server_timing.rb:24:in `collect_events'
actionpack (7.1.5) lib/action_dispatch/middleware/server_timing.rb:58:in `call'
actionpack (7.1.5) lib/action_dispatch/middleware/executor.rb:14:in `call'
actionpack (7.1.5) lib/action_dispatch/middleware/static.rb:25:in `call'
rack (3.1.8) lib/rack/sendfile.rb:114:in `call'
actionpack (7.1.5) lib/action_dispatch/middleware/host_authorization.rb:141:in `call'
railties (7.1.5) lib/rails/engine.rb:536:in `call'
puma (6.4.3) lib/puma/configuration.rb:272:in `call'
puma (6.4.3) lib/puma/request.rb:100:in `block in handle_request'
puma (6.4.3) lib/puma/thread_pool.rb:378:in `with_force_shutdown'
puma (6.4.3) lib/puma/request.rb:99:in `handle_request'
puma (6.4.3) lib/puma/server.rb:464:in `process_client'
puma (6.4.3) lib/puma/server.rb:245:in `block in run'
puma (6.4.3) lib/puma/thread_pool.rb:155:in `block in spawn_thread'
Started GET "/" for 172.17.0.1 at 2024-11-19 03:00:06 +0000
Cannot render console from 172.17.0.1! Allowed networks: 127.0.0.0/127.255.255.255, ::1
  [1m[36mActiveRecord::SchemaMigration Load (6.1ms)[0m  [1m[34mSELECT "schema_migrations"."version" FROM "schema_migrations" ORDER BY "schema_migrations"."version" ASC[0m
Processing by MenusController#index as HTML
  Rendering layout layouts/application.html.erb
  Rendering menus/index.html.erb within layouts/application
  [1m[36mMenu Load (5.6ms)[0m  [1m[34mSELECT "menus".* FROM "menus"[0m
  ↳ app/views/menus/index.html.erb:6
  Rendered menus/index.html.erb within layouts/application (Duration: 193.4ms | Allocations: 2715)
  Rendered layout layouts/application.html.erb (Duration: 1930.3ms | Allocations: 34662)
Completed 200 OK in 2515ms (Views: 1878.5ms | ActiveRecord: 145.4ms | Allocations: 42930)


Started GET "/menus/new" for 172.17.0.1 at 2024-11-19 03:00:11 +0000
Cannot render console from 172.17.0.1! Allowed networks: 127.0.0.0/127.255.255.255, ::1
Processing by MenusController#new as HTML
Completed 401 Unauthorized in 86ms (ActiveRecord: 0.0ms | Allocations: 1258)


Started GET "/users/sign_in" for 172.17.0.1 at 2024-11-19 03:00:12 +0000
Cannot render console from 172.17.0.1! Allowed networks: 127.0.0.0/127.255.255.255, ::1
Processing by Devise::SessionsController#new as HTML
  Rendering layout layouts/application.html.erb
  Rendering devise/sessions/new.html.erb within layouts/application
  Rendered devise/shared/_links.html.erb (Duration: 19.0ms | Allocations: 576)
  Rendered devise/sessions/new.html.erb within layouts/application (Duration: 151.7ms | Allocations: 2735)
  Rendered layout layouts/application.html.erb (Duration: 276.5ms | Allocations: 3902)
Completed 200 OK in 426ms (Views: 315.8ms | ActiveRecord: 7.5ms | Allocations: 13184)


Started GET "/users/password/new" for 172.17.0.1 at 2024-11-19 03:00:13 +0000
Cannot render console from 172.17.0.1! Allowed networks: 127.0.0.0/127.255.255.255, ::1
Processing by Devise::PasswordsController#new as HTML
  Rendering layout layouts/application.html.erb
  Rendering devise/passwords/new.html.erb within layouts/application
  Rendered devise/shared/_error_messages.html.erb (Duration: 23.4ms | Allocations: 221)
  Rendered devise/shared/_links.html.erb (Duration: 0.9ms | Allocations: 124)
  Rendered devise/passwords/new.html.erb within layouts/application (Duration: 77.8ms | Allocations: 1150)
  Rendered layout layouts/application.html.erb (Duration: 203.5ms | Allocations: 2257)
Completed 200 OK in 307ms (Views: 213.8ms | ActiveRecord: 0.0ms | Allocations: 3153)


Started GET "/users/sign_up" for 172.17.0.1 at 2024-11-19 03:00:15 +0000
Cannot render console from 172.17.0.1! Allowed networks: 127.0.0.0/127.255.255.255, ::1
Processing by Devise::RegistrationsController#new as HTML
  Rendering layout layouts/application.html.erb
  Rendering devise/registrations/new.html.erb within layouts/application
  Rendered devise/shared/_error_messages.html.erb (Duration: 0.1ms | Allocations: 13)
  Rendered devise/shared/_links.html.erb (Duration: 0.5ms | Allocations: 77)
  Rendered devise/registrations/new.html.erb within layouts/application (Duration: 32.4ms | Allocations: 1313)
  Rendered layout layouts/application.html.erb (Duration: 176.0ms | Allocations: 2420)
Completed 200 OK in 262ms (Views: 212.1ms | ActiveRecord: 0.0ms | Allocations: 3360)


Started POST "/users" for 172.17.0.1 at 2024-11-19 03:00:34 +0000
Cannot render console from 172.17.0.1! Allowed networks: 127.0.0.0/127.255.255.255, ::1
Processing by Devise::RegistrationsController#create as TURBO_STREAM
  Parameters: {"authenticity_token"=>"[FILTERED]", "user"=>{"email"=>"jc@msudenver.edu", "password"=>"[FILTERED]", "password_confirmation"=>"[FILTERED]"}, "commit"=>"Sign up"}
Completed 500 Internal Server Error in 556ms (ActiveRecord: 0.0ms | Allocations: 1951)


  
NoMethodError (undefined method `encrypted_password=' for #<User id: nil, company_name: nil, name: nil, email: "jc@msudenver.edu", password: nil, created_at: nil, updated_at: nil>):
  
activemodel (7.1.5) lib/active_model/attribute_methods.rb:511:in `method_missing'
activerecord (7.1.5) lib/active_record/attribute_methods.rb:499:in `method_missing'
devise (4.9.4) lib/devise/models/database_authenticatable.rb:67:in `password='
activemodel (7.1.5) lib/active_model/attribute_assignment.rb:49:in `public_send'
activemodel (7.1.5) lib/active_model/attribute_assignment.rb:49:in `_assign_attribute'
activerecord (7.1.5) lib/active_record/attribute_assignment.rb:19:in `block in _assign_attributes'
activerecord (7.1.5) lib/active_record/attribute_assignment.rb:11:in `each'
activerecord (7.1.5) lib/active_record/attribute_assignment.rb:11:in `_assign_attributes'
activemodel (7.1.5) lib/active_model/attribute_assignment.rb:34:in `assign_attributes'
activerecord (7.1.5) lib/active_record/core.rb:453:in `initialize'
devise (4.9.4) lib/devise/models/database_authenticatable.rb:45:in `initialize'
activerecord (7.1.5) lib/active_record/inheritance.rb:76:in `new'
activerecord (7.1.5) lib/active_record/inheritance.rb:76:in `new'
devise (4.9.4) lib/devise/models/registerable.rb:22:in `new_with_session'
devise (4.9.4) app/controllers/devise/registrations_controller.rb:100:in `build_resource'
devise (4.9.4) app/controllers/devise/registrations_controller.rb:17:in `create'
actionpack (7.1.5) lib/action_controller/metal/basic_implicit_render.rb:6:in `send_action'
actionpack (7.1.5) lib/abstract_controller/base.rb:224:in `process_action'
actionpack (7.1.5) lib/action_controller/metal/rendering.rb:165:in `process_action'
actionpack (7.1.5) lib/abstract_controller/callbacks.rb:259:in `block in process_action'
activesupport (7.1.5) lib/active_support/callbacks.rb:121:in `block in run_callbacks'
turbo-rails (2.0.11) lib/turbo-rails.rb:24:in `with_request_id'
turbo-rails (2.0.11) app/controllers/concerns/turbo/request_id_tracking.rb:10:in `turbo_tracking_request_id'
activesupport (7.1.5) lib/active_support/callbacks.rb:130:in `block in run_callbacks'
actiontext (7.1.5) lib/action_text/rendering.rb:23:in `with_renderer'
actiontext (7.1.5) lib/action_text/engine.rb:69:in `block (4 levels) in <class:Engine>'
activesupport (7.1.5) lib/active_support/callbacks.rb:130:in `instance_exec'
activesupport (7.1.5) lib/active_support/callbacks.rb:130:in `block in run_callbacks'
activesupport (7.1.5) lib/active_support/callbacks.rb:141:in `run_callbacks'
actionpack (7.1.5) lib/abstract_controller/callbacks.rb:258:in `process_action'
actionpack (7.1.5) lib/action_controller/metal/rescue.rb:25:in `process_action'
actionpack (7.1.5) lib/action_controller/metal/instrumentation.rb:74:in `block in process_action'
activesupport (7.1.5) lib/active_support/notifications.rb:206:in `block in instrument'
activesupport (7.1.5) lib/active_support/notifications/instrumenter.rb:58:in `instrument'
activesupport (7.1.5) lib/active_support/notifications.rb:206:in `instrument'
actionpack (7.1.5) lib/action_controller/metal/instrumentation.rb:73:in `process_action'
actionpack (7.1.5) lib/action_controller/metal/params_wrapper.rb:261:in `process_action'
activerecord (7.1.5) lib/active_record/railties/controller_runtime.rb:32:in `process_action'
actionpack (7.1.5) lib/abstract_controller/base.rb:160:in `process'
actionview (7.1.5) lib/action_view/rendering.rb:40:in `process'
actionpack (7.1.5) lib/action_controller/metal.rb:227:in `dispatch'
actionpack (7.1.5) lib/action_controller/metal.rb:309:in `dispatch'
actionpack (7.1.5) lib/action_dispatch/routing/route_set.rb:49:in `dispatch'
actionpack (7.1.5) lib/action_dispatch/routing/route_set.rb:32:in `serve'
actionpack (7.1.5) lib/action_dispatch/routing/mapper.rb:30:in `block in <class:Constraints>'
actionpack (7.1.5) lib/action_dispatch/routing/mapper.rb:60:in `serve'
actionpack (7.1.5) lib/action_dispatch/journey/router.rb:51:in `block in serve'
actionpack (7.1.5) lib/action_dispatch/journey/router.rb:131:in `block in find_routes'
actionpack (7.1.5) lib/action_dispatch/journey/router.rb:124:in `each'
actionpack (7.1.5) lib/action_dispatch/journey/router.rb:124:in `find_routes'
actionpack (7.1.5) lib/action_dispatch/journey/router.rb:32:in `serve'
actionpack (7.1.5) lib/action_dispatch/routing/route_set.rb:882:in `call'
warden (1.2.9) lib/warden/manager.rb:36:in `block in call'
warden (1.2.9) lib/warden/manager.rb:34:in `catch'
warden (1.2.9) lib/warden/manager.rb:34:in `call'
rack (3.1.8) lib/rack/tempfile_reaper.rb:20:in `call'
rack (3.1.8) lib/rack/etag.rb:29:in `call'
rack (3.1.8) lib/rack/conditional_get.rb:43:in `call'
rack (3.1.8) lib/rack/head.rb:15:in `call'
actionpack (7.1.5) lib/action_dispatch/http/permissions_policy.rb:36:in `call'
actionpack (7.1.5) lib/action_dispatch/http/content_security_policy.rb:33:in `call'
rack-session (2.0.0) lib/rack/session/abstract/id.rb:272:in `context'
rack-session (2.0.0) lib/rack/session/abstract/id.rb:266:in `call'
actionpack (7.1.5) lib/action_dispatch/middleware/cookies.rb:689:in `call'
activerecord (7.1.5) lib/active_record/migration.rb:655:in `call'
actionpack (7.1.5) lib/action_dispatch/middleware/callbacks.rb:29:in `block in call'
activesupport (7.1.5) lib/active_support/callbacks.rb:101:in `run_callbacks'
actionpack (7.1.5) lib/action_dispatch/middleware/callbacks.rb:28:in `call'
actionpack (7.1.5) lib/action_dispatch/middleware/executor.rb:14:in `call'
actionpack (7.1.5) lib/action_dispatch/middleware/actionable_exceptions.rb:16:in `call'
actionpack (7.1.5) lib/action_dispatch/middleware/debug_exceptions.rb:29:in `call'
web-console (4.2.1) lib/web_console/middleware.rb:132:in `call_app'
web-console (4.2.1) lib/web_console/middleware.rb:19:in `block in call'
web-console (4.2.1) lib/web_console/middleware.rb:17:in `catch'
web-console (4.2.1) lib/web_console/middleware.rb:17:in `call'
actionpack (7.1.5) lib/action_dispatch/middleware/show_exceptions.rb:31:in `call'
railties (7.1.5) lib/rails/rack/logger.rb:37:in `call_app'
railties (7.1.5) lib/rails/rack/logger.rb:24:in `block in call'
activesupport (7.1.5) lib/active_support/tagged_logging.rb:139:in `block in tagged'
activesupport (7.1.5) lib/active_support/tagged_logging.rb:39:in `tagged'
activesupport (7.1.5) lib/active_support/tagged_logging.rb:139:in `tagged'
activesupport (7.1.5) lib/active_support/broadcast_logger.rb:241:in `method_missing'
railties (7.1.5) lib/rails/rack/logger.rb:24:in `call'
sprockets-rails (3.5.2) lib/sprockets/rails/quiet_assets.rb:17:in `call'
actionpack (7.1.5) lib/action_dispatch/middleware/remote_ip.rb:92:in `call'
actionpack (7.1.5) lib/action_dispatch/middleware/request_id.rb:28:in `call'
rack (3.1.8) lib/rack/method_override.rb:28:in `call'
rack (3.1.8) lib/rack/runtime.rb:24:in `call'
activesupport (7.1.5) lib/active_support/cache/strategy/local_cache_middleware.rb:29:in `call'
actionpack (7.1.5) lib/action_dispatch/middleware/server_timing.rb:59:in `block in call'
actionpack (7.1.5) lib/action_dispatch/middleware/server_timing.rb:24:in `collect_events'
actionpack (7.1.5) lib/action_dispatch/middleware/server_timing.rb:58:in `call'
actionpack (7.1.5) lib/action_dispatch/middleware/executor.rb:14:in `call'
actionpack (7.1.5) lib/action_dispatch/middleware/static.rb:25:in `call'
rack (3.1.8) lib/rack/sendfile.rb:114:in `call'
actionpack (7.1.5) lib/action_dispatch/middleware/host_authorization.rb:141:in `call'
railties (7.1.5) lib/rails/engine.rb:536:in `call'
puma (6.4.3) lib/puma/configuration.rb:272:in `call'
puma (6.4.3) lib/puma/request.rb:100:in `block in handle_request'
puma (6.4.3) lib/puma/thread_pool.rb:378:in `with_force_shutdown'
puma (6.4.3) lib/puma/request.rb:99:in `handle_request'
puma (6.4.3) lib/puma/server.rb:464:in `process_client'
puma (6.4.3) lib/puma/server.rb:245:in `block in run'
puma (6.4.3) lib/puma/thread_pool.rb:155:in `block in spawn_thread'
  [1m[36mActiveRecord::InternalMetadata Load (6.2ms)[0m  [1m[34mSELECT * FROM "ar_internal_metadata" WHERE "ar_internal_metadata"."key" = ? ORDER BY "ar_internal_metadata"."key" ASC LIMIT 1[0m  [[nil, "environment"]]
  [1m[36mActiveRecord::SchemaMigration Load (1.3ms)[0m  [1m[34mSELECT "schema_migrations"."version" FROM "schema_migrations" ORDER BY "schema_migrations"."version" ASC[0m
Migrating to RemovePasswordFromUsers (20241119030611)
  [1m[36mTRANSACTION (0.1ms)[0m  [1m[36mbegin transaction[0m
  [1m[35m (0.1ms)[0m  [1m[35mPRAGMA foreign_keys[0m
  [1m[35m (0.1ms)[0m  [1m[35mPRAGMA defer_foreign_keys[0m
  [1m[35m (0.1ms)[0m  [1m[35mPRAGMA defer_foreign_keys = ON[0m
  [1m[35m (0.2ms)[0m  [1m[35mPRAGMA foreign_keys = OFF[0m
  [1m[35m (0.6ms)[0m  [1m[35mCREATE TEMPORARY TABLE "ausers" ("id" integer PRIMARY KEY AUTOINCREMENT NOT NULL, "company_name" varchar DEFAULT NULL, "name" varchar DEFAULT NULL, "email" varchar DEFAULT NULL, "password" varchar DEFAULT NULL, "created_at" datetime(6) NOT NULL, "updated_at" datetime(6) NOT NULL, "reset_password_token" varchar DEFAULT NULL, "reset_password_sent_at" datetime(6) DEFAULT NULL, "remember_created_at" datetime(6) DEFAULT NULL)[0m
  [1m[35m (0.1ms)[0m  [1m[35mCREATE UNIQUE INDEX "tindex_ausers_on_reset_password_token" ON "ausers" ("reset_password_token")[0m
  [1m[35m (0.1ms)[0m  [1m[35mCREATE UNIQUE INDEX "tindex_ausers_on_email" ON "ausers" ("email")[0m
  [1m[35m (0.1ms)[0m  [1m[32mINSERT INTO "ausers" ("id","company_name","name","email","password","created_at","updated_at","reset_password_token","reset_password_sent_at","remember_created_at")
                     SELECT "id","company_name","name","email","password","created_at","updated_at","reset_password_token","reset_password_sent_at","remember_created_at" FROM "users"[0m
  [1m[35m (0.7ms)[0m  [1m[35mDROP TABLE "users"[0m
  [1m[35m (0.1ms)[0m  [1m[35mCREATE TABLE "users" ("id" integer PRIMARY KEY AUTOINCREMENT NOT NULL, "company_name" varchar DEFAULT NULL, "name" varchar DEFAULT NULL, "email" varchar DEFAULT NULL, "created_at" datetime(6) NOT NULL, "updated_at" datetime(6) NOT NULL, "reset_password_token" varchar DEFAULT NULL, "reset_password_sent_at" datetime(6) DEFAULT NULL, "remember_created_at" datetime(6) DEFAULT NULL)[0m
  [1m[35m (0.1ms)[0m  [1m[35mCREATE UNIQUE INDEX "index_users_on_email" ON "users" ("email")[0m
  [1m[35m (0.6ms)[0m  [1m[35mCREATE UNIQUE INDEX "index_users_on_reset_password_token" ON "users" ("reset_password_token")[0m
  [1m[35m (0.1ms)[0m  [1m[32mINSERT INTO "users" ("id","company_name","name","email","created_at","updated_at","reset_password_token","reset_password_sent_at","remember_created_at")
                     SELECT "id","company_name","name","email","created_at","updated_at","reset_password_token","reset_password_sent_at","remember_created_at" FROM "ausers"[0m
  [1m[35m (0.2ms)[0m  [1m[35mDROP TABLE "ausers"[0m
  [1m[35m (0.1ms)[0m  [1m[35mPRAGMA defer_foreign_keys = 0[0m
  [1m[35m (0.1ms)[0m  [1m[35mPRAGMA foreign_keys = 1[0m
  [1m[36mActiveRecord::SchemaMigration Create (0.4ms)[0m  [1m[32mINSERT INTO "schema_migrations" ("version") VALUES ('20241119030611') RETURNING "version"[0m
  [1m[36mTRANSACTION (20.6ms)[0m  [1m[36mcommit transaction[0m
  [1m[36mActiveRecord::SchemaMigration Load (0.8ms)[0m  [1m[34mSELECT "schema_migrations"."version" FROM "schema_migrations" ORDER BY "schema_migrations"."version" ASC[0m
Started GET "/" for 172.17.0.1 at 2024-11-19 03:24:24 +0000
Cannot render console from 172.17.0.1! Allowed networks: 127.0.0.0/127.255.255.255, ::1
  [1m[36mActiveRecord::SchemaMigration Load (12.5ms)[0m  [1m[34mSELECT "schema_migrations"."version" FROM "schema_migrations" ORDER BY "schema_migrations"."version" ASC[0m
Processing by MenusController#index as HTML
  Rendering layout layouts/application.html.erb
  Rendering menus/index.html.erb within layouts/application
  [1m[36mMenu Load (12.3ms)[0m  [1m[34mSELECT "menus".* FROM "menus"[0m
  ↳ app/views/menus/index.html.erb:6
  Rendered menus/index.html.erb within layouts/application (Duration: 144.3ms | Allocations: 1577)
  Rendered layout layouts/application.html.erb (Duration: 2546.0ms | Allocations: 33531)
Completed 200 OK in 4049ms (Views: 2651.7ms | ActiveRecord: 184.3ms | Allocations: 40192)


Started GET "/menus/new" for 172.17.0.1 at 2024-11-19 03:24:48 +0000
Cannot render console from 172.17.0.1! Allowed networks: 127.0.0.0/127.255.255.255, ::1
Processing by MenusController#new as HTML
Completed 401 Unauthorized in 440ms (ActiveRecord: 0.0ms | Allocations: 3976)


Started GET "/users/sign_in" for 172.17.0.1 at 2024-11-19 03:24:50 +0000
Cannot render console from 172.17.0.1! Allowed networks: 127.0.0.0/127.255.255.255, ::1
Processing by Devise::SessionsController#new as HTML
  Rendering layout layouts/application.html.erb
  Rendering devise/sessions/new.html.erb within layouts/application
  Rendered devise/shared/_links.html.erb (Duration: 18.7ms | Allocations: 576)
  Rendered devise/sessions/new.html.erb within layouts/application (Duration: 467.1ms | Allocations: 2737)
  Rendered layout layouts/application.html.erb (Duration: 636.2ms | Allocations: 3904)
Completed 200 OK in 941ms (Views: 756.4ms | ActiveRecord: 11.6ms | Allocations: 12662)


Started GET "/users/sign_up" for 172.17.0.1 at 2024-11-19 03:24:54 +0000
Cannot render console from 172.17.0.1! Allowed networks: 127.0.0.0/127.255.255.255, ::1
Processing by Devise::RegistrationsController#new as HTML
  Rendering layout layouts/application.html.erb
  Rendering devise/registrations/new.html.erb within layouts/application
  Rendered devise/shared/_error_messages.html.erb (Duration: 26.1ms | Allocations: 221)
  Rendered devise/shared/_links.html.erb (Duration: 0.7ms | Allocations: 82)
  Rendered devise/registrations/new.html.erb within layouts/application (Duration: 149.6ms | Allocations: 1592)
  Rendered layout layouts/application.html.erb (Duration: 304.4ms | Allocations: 2699)
Completed 200 OK in 502ms (Views: 449.9ms | ActiveRecord: 0.0ms | Allocations: 3611)


Started POST "/users" for 172.17.0.1 at 2024-11-19 03:25:00 +0000
Cannot render console from 172.17.0.1! Allowed networks: 127.0.0.0/127.255.255.255, ::1
Processing by Devise::RegistrationsController#create as TURBO_STREAM
  Parameters: {"authenticity_token"=>"[FILTERED]", "user"=>{"email"=>"jc@msudenver.edu", "password"=>"[FILTERED]", "password_confirmation"=>"[FILTERED]"}, "commit"=>"Sign up"}
Completed 500 Internal Server Error in 672ms (ActiveRecord: 0.0ms | Allocations: 1845)


  
NoMethodError (undefined method `encrypted_password=' for #<User id: nil, company_name: nil, name: nil, email: "jc@msudenver.edu", created_at: nil, updated_at: nil>):
  
activemodel (7.1.5) lib/active_model/attribute_methods.rb:511:in `method_missing'
activerecord (7.1.5) lib/active_record/attribute_methods.rb:499:in `method_missing'
devise (4.9.4) lib/devise/models/database_authenticatable.rb:67:in `password='
activemodel (7.1.5) lib/active_model/attribute_assignment.rb:49:in `public_send'
activemodel (7.1.5) lib/active_model/attribute_assignment.rb:49:in `_assign_attribute'
activerecord (7.1.5) lib/active_record/attribute_assignment.rb:19:in `block in _assign_attributes'
activerecord (7.1.5) lib/active_record/attribute_assignment.rb:11:in `each'
activerecord (7.1.5) lib/active_record/attribute_assignment.rb:11:in `_assign_attributes'
activemodel (7.1.5) lib/active_model/attribute_assignment.rb:34:in `assign_attributes'
activerecord (7.1.5) lib/active_record/core.rb:453:in `initialize'
devise (4.9.4) lib/devise/models/database_authenticatable.rb:45:in `initialize'
activerecord (7.1.5) lib/active_record/inheritance.rb:76:in `new'
activerecord (7.1.5) lib/active_record/inheritance.rb:76:in `new'
devise (4.9.4) lib/devise/models/registerable.rb:22:in `new_with_session'
devise (4.9.4) app/controllers/devise/registrations_controller.rb:100:in `build_resource'
devise (4.9.4) app/controllers/devise/registrations_controller.rb:17:in `create'
actionpack (7.1.5) lib/action_controller/metal/basic_implicit_render.rb:6:in `send_action'
actionpack (7.1.5) lib/abstract_controller/base.rb:224:in `process_action'
actionpack (7.1.5) lib/action_controller/metal/rendering.rb:165:in `process_action'
actionpack (7.1.5) lib/abstract_controller/callbacks.rb:259:in `block in process_action'
activesupport (7.1.5) lib/active_support/callbacks.rb:121:in `block in run_callbacks'
turbo-rails (2.0.11) lib/turbo-rails.rb:24:in `with_request_id'
turbo-rails (2.0.11) app/controllers/concerns/turbo/request_id_tracking.rb:10:in `turbo_tracking_request_id'
activesupport (7.1.5) lib/active_support/callbacks.rb:130:in `block in run_callbacks'
actiontext (7.1.5) lib/action_text/rendering.rb:23:in `with_renderer'
actiontext (7.1.5) lib/action_text/engine.rb:69:in `block (4 levels) in <class:Engine>'
activesupport (7.1.5) lib/active_support/callbacks.rb:130:in `instance_exec'
activesupport (7.1.5) lib/active_support/callbacks.rb:130:in `block in run_callbacks'
activesupport (7.1.5) lib/active_support/callbacks.rb:141:in `run_callbacks'
actionpack (7.1.5) lib/abstract_controller/callbacks.rb:258:in `process_action'
actionpack (7.1.5) lib/action_controller/metal/rescue.rb:25:in `process_action'
actionpack (7.1.5) lib/action_controller/metal/instrumentation.rb:74:in `block in process_action'
activesupport (7.1.5) lib/active_support/notifications.rb:206:in `block in instrument'
activesupport (7.1.5) lib/active_support/notifications/instrumenter.rb:58:in `instrument'
activesupport (7.1.5) lib/active_support/notifications.rb:206:in `instrument'
actionpack (7.1.5) lib/action_controller/metal/instrumentation.rb:73:in `process_action'
actionpack (7.1.5) lib/action_controller/metal/params_wrapper.rb:261:in `process_action'
activerecord (7.1.5) lib/active_record/railties/controller_runtime.rb:32:in `process_action'
actionpack (7.1.5) lib/abstract_controller/base.rb:160:in `process'
actionview (7.1.5) lib/action_view/rendering.rb:40:in `process'
actionpack (7.1.5) lib/action_controller/metal.rb:227:in `dispatch'
actionpack (7.1.5) lib/action_controller/metal.rb:309:in `dispatch'
actionpack (7.1.5) lib/action_dispatch/routing/route_set.rb:49:in `dispatch'
actionpack (7.1.5) lib/action_dispatch/routing/route_set.rb:32:in `serve'
actionpack (7.1.5) lib/action_dispatch/routing/mapper.rb:30:in `block in <class:Constraints>'
actionpack (7.1.5) lib/action_dispatch/routing/mapper.rb:60:in `serve'
actionpack (7.1.5) lib/action_dispatch/journey/router.rb:51:in `block in serve'
actionpack (7.1.5) lib/action_dispatch/journey/router.rb:131:in `block in find_routes'
actionpack (7.1.5) lib/action_dispatch/journey/router.rb:124:in `each'
actionpack (7.1.5) lib/action_dispatch/journey/router.rb:124:in `find_routes'
actionpack (7.1.5) lib/action_dispatch/journey/router.rb:32:in `serve'
actionpack (7.1.5) lib/action_dispatch/routing/route_set.rb:882:in `call'
warden (1.2.9) lib/warden/manager.rb:36:in `block in call'
warden (1.2.9) lib/warden/manager.rb:34:in `catch'
warden (1.2.9) lib/warden/manager.rb:34:in `call'
rack (3.1.8) lib/rack/tempfile_reaper.rb:20:in `call'
rack (3.1.8) lib/rack/etag.rb:29:in `call'
rack (3.1.8) lib/rack/conditional_get.rb:43:in `call'
rack (3.1.8) lib/rack/head.rb:15:in `call'
actionpack (7.1.5) lib/action_dispatch/http/permissions_policy.rb:36:in `call'
actionpack (7.1.5) lib/action_dispatch/http/content_security_policy.rb:33:in `call'
rack-session (2.0.0) lib/rack/session/abstract/id.rb:272:in `context'
rack-session (2.0.0) lib/rack/session/abstract/id.rb:266:in `call'
actionpack (7.1.5) lib/action_dispatch/middleware/cookies.rb:689:in `call'
activerecord (7.1.5) lib/active_record/migration.rb:655:in `call'
actionpack (7.1.5) lib/action_dispatch/middleware/callbacks.rb:29:in `block in call'
activesupport (7.1.5) lib/active_support/callbacks.rb:101:in `run_callbacks'
actionpack (7.1.5) lib/action_dispatch/middleware/callbacks.rb:28:in `call'
actionpack (7.1.5) lib/action_dispatch/middleware/executor.rb:14:in `call'
actionpack (7.1.5) lib/action_dispatch/middleware/actionable_exceptions.rb:16:in `call'
actionpack (7.1.5) lib/action_dispatch/middleware/debug_exceptions.rb:29:in `call'
web-console (4.2.1) lib/web_console/middleware.rb:132:in `call_app'
web-console (4.2.1) lib/web_console/middleware.rb:19:in `block in call'
web-console (4.2.1) lib/web_console/middleware.rb:17:in `catch'
web-console (4.2.1) lib/web_console/middleware.rb:17:in `call'
actionpack (7.1.5) lib/action_dispatch/middleware/show_exceptions.rb:31:in `call'
railties (7.1.5) lib/rails/rack/logger.rb:37:in `call_app'
railties (7.1.5) lib/rails/rack/logger.rb:24:in `block in call'
activesupport (7.1.5) lib/active_support/tagged_logging.rb:139:in `block in tagged'
activesupport (7.1.5) lib/active_support/tagged_logging.rb:39:in `tagged'
activesupport (7.1.5) lib/active_support/tagged_logging.rb:139:in `tagged'
activesupport (7.1.5) lib/active_support/broadcast_logger.rb:241:in `method_missing'
railties (7.1.5) lib/rails/rack/logger.rb:24:in `call'
sprockets-rails (3.5.2) lib/sprockets/rails/quiet_assets.rb:17:in `call'
actionpack (7.1.5) lib/action_dispatch/middleware/remote_ip.rb:92:in `call'
actionpack (7.1.5) lib/action_dispatch/middleware/request_id.rb:28:in `call'
rack (3.1.8) lib/rack/method_override.rb:28:in `call'
rack (3.1.8) lib/rack/runtime.rb:24:in `call'
activesupport (7.1.5) lib/active_support/cache/strategy/local_cache_middleware.rb:29:in `call'
actionpack (7.1.5) lib/action_dispatch/middleware/server_timing.rb:59:in `block in call'
actionpack (7.1.5) lib/action_dispatch/middleware/server_timing.rb:24:in `collect_events'
actionpack (7.1.5) lib/action_dispatch/middleware/server_timing.rb:58:in `call'
actionpack (7.1.5) lib/action_dispatch/middleware/executor.rb:14:in `call'
actionpack (7.1.5) lib/action_dispatch/middleware/static.rb:25:in `call'
rack (3.1.8) lib/rack/sendfile.rb:114:in `call'
actionpack (7.1.5) lib/action_dispatch/middleware/host_authorization.rb:141:in `call'
railties (7.1.5) lib/rails/engine.rb:536:in `call'
puma (6.4.3) lib/puma/configuration.rb:272:in `call'
puma (6.4.3) lib/puma/request.rb:100:in `block in handle_request'
puma (6.4.3) lib/puma/thread_pool.rb:378:in `with_force_shutdown'
puma (6.4.3) lib/puma/request.rb:99:in `handle_request'
puma (6.4.3) lib/puma/server.rb:464:in `process_client'
puma (6.4.3) lib/puma/server.rb:245:in `block in run'
puma (6.4.3) lib/puma/thread_pool.rb:155:in `block in spawn_thread'
  [1m[36mActiveRecord::InternalMetadata Load (5.7ms)[0m  [1m[34mSELECT * FROM "ar_internal_metadata" WHERE "ar_internal_metadata"."key" = ? ORDER BY "ar_internal_metadata"."key" ASC LIMIT 1[0m  [[nil, "environment"]]
  [1m[36mActiveRecord::SchemaMigration Load (1.0ms)[0m  [1m[34mSELECT "schema_migrations"."version" FROM "schema_migrations" ORDER BY "schema_migrations"."version" ASC[0m
  [1m[36mActiveRecord::SchemaMigration Load (0.9ms)[0m  [1m[34mSELECT "schema_migrations"."version" FROM "schema_migrations" ORDER BY "schema_migrations"."version" ASC[0m
  [1m[36mActiveRecord::InternalMetadata Load (8.7ms)[0m  [1m[34mSELECT * FROM "ar_internal_metadata" WHERE "ar_internal_metadata"."key" = ? ORDER BY "ar_internal_metadata"."key" ASC LIMIT 1[0m  [[nil, "environment"]]
  [1m[36mActiveRecord::SchemaMigration Load (1.8ms)[0m  [1m[34mSELECT "schema_migrations"."version" FROM "schema_migrations" ORDER BY "schema_migrations"."version" ASC[0m
  [1m[36mActiveRecord::SchemaMigration Load (1.9ms)[0m  [1m[34mSELECT "schema_migrations"."version" FROM "schema_migrations" ORDER BY "schema_migrations"."version" ASC[0m
